<?xml version="1.0" encoding="UTF-8"?>
<!-- Generated by org.testng.reporters.JUnitXMLReporter -->
<testsuite ignored="3" hostname="DESKTOP-ENGGCBP" failures="1" tests="12" name="Surefire test" time="0.136" errors="0" timestamp="2024-02-14T11:01:05 IST">
  <testcase classname="testng.tests.DependencyTest" name="addDP" time="0.01"/>
  <testcase classname="testng.tests.DependencyTest" name="addDP" time="0.001"/>
  <testcase classname="testng.tests.DependencyTest" name="addDP" time="0.001"/>
  <testcase classname="testng.tests.firstTest" name="add" time="0.0"/>
  <testcase classname="testng.tests.firstTest" name="delete" time="0.003"/>
  <testcase classname="testng.tests.firstTest" name="filter" time="0.002"/>
  <testcase classname="testng.tests.firstTest" name="webAdd" time="0.001"/>
  <testcase classname="testng.tests.firstTest" name="webFilter" time="0.0"/>
  <testcase classname="testng.tests.firstTest" name="webLogin" time="0.0"/>
  <testcase classname="testng.tests.secondTest" name="method2" time="0.001"/>
  <testcase classname="testng.tests.thirdTests" name="method3" time="0.001">
    <failure type="java.lang.ArithmeticException" message="/ by zero">
      <![CDATA[java.lang.ArithmeticException: / by zero
at testng.tests.thirdTests.method3(thirdTests.java:33)
at java.base/java.util.ArrayList.forEach(ArrayList.java:1511)
... Removed 30 stack frames]]>
    </failure>
  </testcase> <!-- method3 -->
  <testcase classname="testng.tests.firstTest" name="update" time="0.002"/>
  <testcase classname="testng.tests.DependencyTest" name="dependMethod" time="0.0">
    <ignored/>
  </testcase> <!-- dependMethod -->
  <testcase classname="testng.tests.DependencyTest" name="add" time="0.0">
    <ignored/>
  </testcase> <!-- add -->
  <testcase classname="testng.tests.DependencyTest" name="update" time="0.0">
    <ignored/>
  </testcase> <!-- update -->
</testsuite> <!-- Surefire test -->
