<?xml version="1.0" encoding="UTF-8"?>
<!-- Generated by org.testng.reporters.JUnitXMLReporter -->
<testsuite ignored="3" hostname="DESKTOP-ENGGCBP" failures="0" tests="3" name="parallel2" time="0.06" errors="0" timestamp="2024-02-10T16:04:29 IST">
  <testcase classname="testng.tests.DependencyTest" name="addDP" time="0.006"/>
  <testcase classname="testng.tests.DependencyTest" name="addDP" time="0.003"/>
  <testcase classname="testng.tests.DependencyTest" name="addDP" time="0.002"/>
  <testcase classname="testng.tests.DependencyTest" name="add" time="0.0">
    <ignored/>
  </testcase> <!-- add -->
  <testcase classname="testng.tests.DependencyTest" name="update" time="0.0">
    <ignored/>
  </testcase> <!-- update -->
  <testcase classname="testng.tests.DependencyTest" name="dependMethod" time="0.0">
    <ignored/>
  </testcase> <!-- dependMethod -->
</testsuite> <!-- parallel2 -->
