<?xml version="1.0" encoding="UTF-8"?>
<!-- Generated by org.testng.reporters.JUnitXMLReporter -->
<testsuite ignored="0" hostname="DESKTOP-ENGGCBP" failures="0" tests="4" name="parallel" time="22.365" errors="0" timestamp="2024-02-10T16:02:38 IST">
  <testcase classname="testng.tests.ParallelExecution" name="internet" time="21.307"/>
  <testcase classname="testng.tests.ParallelExecution" name="google1" time="21.658"/>
  <testcase classname="testng.tests.ParallelExecution" name="internet1" time="22.188"/>
  <testcase classname="testng.tests.ParallelExecution" name="google" time="22.302"/>
</testsuite> <!-- parallel -->
