<?xml version="1.0" encoding="UTF-8"?>
<!-- Generated by org.testng.reporters.JUnitXMLReporter -->
<testsuite ignored="0" hostname="DESKTOP-ENGGCBP" failures="0" tests="4" name="parallel1" time="24.502" errors="0" timestamp="2024-02-10T16:04:53 IST">
  <testcase classname="testng.tests.ParallelExecution" name="google" time="6.272"/>
  <testcase classname="testng.tests.ParallelExecution" name="google1" time="6.536"/>
  <testcase classname="testng.tests.ParallelExecution" name="internet" time="6.571"/>
  <testcase classname="testng.tests.ParallelExecution" name="internet1" time="5.073"/>
</testsuite> <!-- parallel1 -->
