<?xml version="1.0" encoding="UTF-8"?>
<!-- Generated by org.testng.reporters.JUnitXMLReporter -->
<testsuite ignored="3" hostname="DESKTOP-ENGGCBP" failures="0" tests="0" name="firstSet" time="0.03" errors="0" timestamp="2024-02-14T11:01:18 IST">
  <testcase classname="testng.tests.DependencyTest" name="dependMethod" time="0.0">
    <ignored/>
  </testcase> <!-- dependMethod -->
  <testcase classname="testng.tests.DependencyTest" name="add" time="0.0">
    <ignored/>
  </testcase> <!-- add -->
  <testcase classname="testng.tests.DependencyTest" name="update" time="0.0">
    <ignored/>
  </testcase> <!-- update -->
</testsuite> <!-- firstSet -->
