<?xml version="1.0" encoding="UTF-8"?>
<!-- Generated by org.testng.reporters.JUnitXMLReporter -->
<testsuite ignored="0" hostname="DESKTOP-ENGGCBP" failures="1" tests="2" name="parameteres" time="0.072" errors="0" timestamp="2024-02-14T11:01:52 IST">
  <testcase classname="testng.tests.parameters" name="Login" time="0.002"/>
  <testcase classname="testng.tests.thirdTests" name="method3" time="0.001">
    <failure type="java.lang.ArithmeticException" message="/ by zero">
      <![CDATA[java.lang.ArithmeticException: / by zero
at testng.tests.thirdTests.method3(thirdTests.java:33)
at java.base/java.util.ArrayList.forEach(ArrayList.java:1511)
... Removed 29 stack frames]]>
    </failure>
  </testcase> <!-- method3 -->
</testsuite> <!-- parameteres -->
